
Showing logs for build [32mcb-kubecd-environment-pr-165-15-7bbmd-1[0m stage [32mfrom-build-pack[0m and container [32mstep-credential-initializer-jbrdx[0m
{"level":"warn","ts":1582606093.068722,"logger":"fallback-logger","caller":"logging/config.go:69","msg":"Fetch GitHub commit ID from kodata failed: \"ref: refs/heads/0.8.0-**-support-backwards-incompats\" is not a valid GitHub commit ID"}
{"level":"info","ts":1582606093.069265,"logger":"fallback-logger","caller":"creds-init/main.go:40","msg":"Credentials initialized."}

Showing logs for build [32mcb-kubecd-environment-pr-165-15-7bbmd-1[0m stage [32mfrom-build-pack[0m and container [32mstep-working-dir-initializer-ck4zk[0m
{"level":"warn","ts":1582606094.5902991,"logger":"fallback-logger","caller":"logging/config.go:69","msg":"Fetch GitHub commit ID from kodata failed: open /var/run/ko/HEAD: no such file or directory"}
{"level":"info","ts":1582606094.5923774,"logger":"fallback-logger","caller":"bash/main.go:64","msg":"Successfully executed command \"sh -c mkdir -p /workspace/source\"; output "}

Showing logs for build [32mcb-kubecd-environment-pr-165-15-7bbmd-1[0m stage [32mfrom-build-pack[0m and container [32mstep-place-tools[0m

Showing logs for build [32mcb-kubecd-environment-pr-165-15-7bbmd-1[0m stage [32mfrom-build-pack[0m and container [32mstep-git-source-cb-kubecd-environment-pr-165-15-7bbmd-2rbj6[0m
{"level":"warn","ts":1582606098.6225119,"logger":"fallback-logger","caller":"logging/config.go:69","msg":"Fetch GitHub commit ID from kodata failed: \"ref: refs/heads/0.8.0-**-support-backwards-incompats\" is not a valid GitHub commit ID"}
{"level":"info","ts":1582606099.671408,"logger":"fallback-logger","caller":"git/git.go:103","msg":"Successfully cloned https://github.com/cb-kubecd/environment-pr-165-150-boot-gke-staging.git @ master in path /workspace/source"}

Showing logs for build [32mcb-kubecd-environment-pr-165-15-7bbmd-1[0m stage [32mfrom-build-pack[0m and container [32mstep-git-merge[0m
Using SHAs from PULL_REFS=master:21ee7be8a7a70a8baf192e03c433d894835b3822,2:3c71b04c76b48d8044ef31829b0572c39ad2b5cb
DEBUG: LC_ALL=C JX_LOG_LEVEL=error git fetch origin --unshallow 3c71b04c76b48d8044ef31829b0572c39ad2b5cb: 21ee7be8a7a70a8baf192e03c433d894835b3822:
DEBUG: ran git fetch --unshallow origin 3c71b04c76b48d8044ef31829b0572c39ad2b5cb: 21ee7be8a7a70a8baf192e03c433d894835b3822: in 
DEBUG: LC_ALL=C JX_LOG_LEVEL=error git branch
DEBUG: LC_ALL=C JX_LOG_LEVEL=error git checkout master
DEBUG: ran git checkout master in 
DEBUG: LC_ALL=C JX_LOG_LEVEL=error git reset --hard 21ee7be8a7a70a8baf192e03c433d894835b3822
DEBUG: ran git reset --hard 21ee7be8a7a70a8baf192e03c433d894835b3822 in 
DEBUG: LC_ALL=C JX_LOG_LEVEL=error git clean -fd .
DEBUG: ran clean --force -d . in 
DEBUG: JX_LOG_LEVEL=error LC_ALL=C git merge 3c71b04c76b48d8044ef31829b0572c39ad2b5cb
DEBUG: ran git merge 3c71b04c76b48d8044ef31829b0572c39ad2b5cb in 
DEBUG: LC_ALL=C JX_LOG_LEVEL=error git log --format=%H%x1f%an%x1f%ae%x1f%cn%x1f%ce%x1f%s%n%b%x1e 21ee7be8a7a70a8baf192e03c433d894835b3822..HEAD
Merged SHA 3c71b04c76b48d8044ef31829b0572c39ad2b5cb with commit message 'chore: Promote bdd-gh-1582605787 to version 0.0.1' into base branch master

Showing logs for build [32mcb-kubecd-environment-pr-165-15-7bbmd-1[0m stage [32mfrom-build-pack[0m and container [32mstep-build-helm-build[0m
WARNING: No $CHART_REPOSITORY defined so using the default value of: http://jenkins-x-chartmuseum:8080
Adding missing Helm repo: storage.googleapis.com https://storage.googleapis.com/chartmuseum.jenkins-x.io
WARNING: No secrets found on "helm/repos" due: reading the secret "helm/repos" from vault: no secret "helm/repos" not found in vault
Read credentials for https://storage.googleapis.com/chartmuseum.jenkins-x.io from vault helm/repos
Successfully added Helm repository storage.googleapis.com.
Adding missing Helm repo: jenkins-x-chartmuseum http://jenkins-x-chartmuseum:8080
WARNING: No secrets found on "helm/repos" due: reading the secret "helm/repos" from vault: no secret "helm/repos" not found in vault
Read credentials for http://jenkins-x-chartmuseum:8080 from vault helm/repos
Successfully added Helm repository jenkins-x-chartmuseum.
WARNING: No $CHART_REPOSITORY defined so using the default value of: http://jenkins-x-chartmuseum:8080
Adding missing Helm repo: chartmuseum.jenkins-x.io http://chartmuseum.jenkins-x.io
WARNING: No secrets found on "helm/repos" due: reading the secret "helm/repos" from vault: no secret "helm/repos" not found in vault
Read credentials for http://chartmuseum.jenkins-x.io from vault helm/repos
Successfully added Helm repository chartmuseum.jenkins-x.io.
