
Showing logs for build [32mcb-kubecd-environment-pr-165-15-8q5r2-1[0m stage [32mfrom-build-pack[0m and container [32mstep-credential-initializer-pwwzx[0m
{"level":"warn","ts":1582606773.4473987,"logger":"fallback-logger","caller":"logging/config.go:69","msg":"Fetch GitHub commit ID from kodata failed: \"ref: refs/heads/0.8.0-**-support-backwards-incompats\" is not a valid GitHub commit ID"}
{"level":"info","ts":1582606773.4481213,"logger":"fallback-logger","caller":"creds-init/main.go:40","msg":"Credentials initialized."}

Showing logs for build [32mcb-kubecd-environment-pr-165-15-8q5r2-1[0m stage [32mfrom-build-pack[0m and container [32mstep-working-dir-initializer-6gkcp[0m
{"level":"warn","ts":1582606774.3542066,"logger":"fallback-logger","caller":"logging/config.go:69","msg":"Fetch GitHub commit ID from kodata failed: open /var/run/ko/HEAD: no such file or directory"}
{"level":"info","ts":1582606774.3556197,"logger":"fallback-logger","caller":"bash/main.go:64","msg":"Successfully executed command \"sh -c mkdir -p /workspace/source\"; output "}

Showing logs for build [32mcb-kubecd-environment-pr-165-15-8q5r2-1[0m stage [32mfrom-build-pack[0m and container [32mstep-place-tools[0m

Showing logs for build [32mcb-kubecd-environment-pr-165-15-8q5r2-1[0m stage [32mfrom-build-pack[0m and container [32mstep-git-source-cb-kubecd-environment-pr-165-15-8q5r2-mqfkb[0m
{"level":"warn","ts":1582606779.8096645,"logger":"fallback-logger","caller":"logging/config.go:69","msg":"Fetch GitHub commit ID from kodata failed: \"ref: refs/heads/0.8.0-**-support-backwards-incompats\" is not a valid GitHub commit ID"}
{"level":"info","ts":1582606780.88,"logger":"fallback-logger","caller":"git/git.go:103","msg":"Successfully cloned https://github.com/cb-kubecd/environment-pr-165-150-boot-gke-staging.git @ master in path /workspace/source"}

Showing logs for build [32mcb-kubecd-environment-pr-165-15-8q5r2-1[0m stage [32mfrom-build-pack[0m and container [32mstep-git-merge[0m
Using SHAs from PULL_REFS=master:733ca7adb3b3379123dc4a6b65c91e614e16afe3,3:4069790f7bdb6ad538ca65b481e298b5513742a1
DEBUG: LC_ALL=C JX_LOG_LEVEL=error git fetch origin --unshallow 4069790f7bdb6ad538ca65b481e298b5513742a1: 733ca7adb3b3379123dc4a6b65c91e614e16afe3:
DEBUG: ran git fetch --unshallow origin 4069790f7bdb6ad538ca65b481e298b5513742a1: 733ca7adb3b3379123dc4a6b65c91e614e16afe3: in 
DEBUG: LC_ALL=C JX_LOG_LEVEL=error git branch
DEBUG: JX_LOG_LEVEL=error LC_ALL=C git checkout master
DEBUG: ran git checkout master in 
DEBUG: LC_ALL=C JX_LOG_LEVEL=error git reset --hard 733ca7adb3b3379123dc4a6b65c91e614e16afe3
DEBUG: ran git reset --hard 733ca7adb3b3379123dc4a6b65c91e614e16afe3 in 
DEBUG: LC_ALL=C JX_LOG_LEVEL=error git clean -fd .
DEBUG: ran clean --force -d . in 
DEBUG: LC_ALL=C JX_LOG_LEVEL=error git merge 4069790f7bdb6ad538ca65b481e298b5513742a1
DEBUG: ran git merge 4069790f7bdb6ad538ca65b481e298b5513742a1 in 
DEBUG: LC_ALL=C JX_LOG_LEVEL=error git log --format=%H%x1f%an%x1f%ae%x1f%cn%x1f%ce%x1f%s%n%b%x1e 733ca7adb3b3379123dc4a6b65c91e614e16afe3..HEAD
Merged SHA 4069790f7bdb6ad538ca65b481e298b5513742a1 with commit message 'chore: Promote bdd-sbhg-1582605787 to version 0.0.1' into base branch master

Showing logs for build [32mcb-kubecd-environment-pr-165-15-8q5r2-1[0m stage [32mfrom-build-pack[0m and container [32mstep-build-helm-build[0m
WARNING: No $CHART_REPOSITORY defined so using the default value of: http://jenkins-x-chartmuseum:8080
Adding missing Helm repo: storage.googleapis.com https://storage.googleapis.com/chartmuseum.jenkins-x.io
WARNING: No secrets found on "helm/repos" due: reading the secret "helm/repos" from vault: no secret "helm/repos" not found in vault
Read credentials for https://storage.googleapis.com/chartmuseum.jenkins-x.io from vault helm/repos
Successfully added Helm repository storage.googleapis.com.
Adding missing Helm repo: jenkins-x-chartmuseum http://jenkins-x-chartmuseum:8080
WARNING: No secrets found on "helm/repos" due: reading the secret "helm/repos" from vault: no secret "helm/repos" not found in vault
Read credentials for http://jenkins-x-chartmuseum:8080 from vault helm/repos
Successfully added Helm repository jenkins-x-chartmuseum.
WARNING: No $CHART_REPOSITORY defined so using the default value of: http://jenkins-x-chartmuseum:8080
Adding missing Helm repo: chartmuseum.jenkins-x.io http://chartmuseum.jenkins-x.io
WARNING: No secrets found on "helm/repos" due: reading the secret "helm/repos" from vault: no secret "helm/repos" not found in vault
Read credentials for http://chartmuseum.jenkins-x.io from vault helm/repos
Successfully added Helm repository chartmuseum.jenkins-x.io.
